2024-09-02T11:44:39.922-05:00  INFO 19772 --- [finance-tracker] [main] c.f.t.FinanceTrackerApplicationTests     : Starting FinanceTrackerApplicationTests using Java 21.0.3 with PID 19772 (started by juand in C:\Projects\finance tracker\finance-tracker)
2024-09-02T11:44:39.924-05:00  INFO 19772 --- [finance-tracker] [main] c.f.t.FinanceTrackerApplicationTests     : The following 1 profile is active: "dev"
2024-09-02T11:44:42.768-05:00  INFO 19772 --- [finance-tracker] [main] .s.d.r.c.RepositoryConfigurationDelegate : Bootstrapping Spring Data JPA repositories in DEFAULT mode.
2024-09-02T11:44:42.929-05:00  INFO 19772 --- [finance-tracker] [main] .s.d.r.c.RepositoryConfigurationDelegate : Finished Spring Data repository scanning in 145 ms. Found 4 JPA repository interfaces.
2024-09-02T11:44:45.396-05:00  INFO 19772 --- [finance-tracker] [main] o.hibernate.jpa.internal.util.LogHelper  : HHH000204: Processing PersistenceUnitInfo [name: default]
2024-09-02T11:44:45.730-05:00  INFO 19772 --- [finance-tracker] [main] org.hibernate.Version                    : HHH000412: Hibernate ORM core version 6.5.2.Final
2024-09-02T11:44:45.862-05:00  INFO 19772 --- [finance-tracker] [main] o.h.c.internal.RegionFactoryInitiator    : HHH000026: Second-level cache disabled
2024-09-02T11:44:48.755-05:00  INFO 19772 --- [finance-tracker] [main] o.s.o.j.p.SpringPersistenceUnitInfo      : No LoadTimeWeaver setup: ignoring JPA class transformer
2024-09-02T11:44:48.805-05:00  INFO 19772 --- [finance-tracker] [main] com.zaxxer.hikari.HikariDataSource       : HikariPool-1 - Starting...
2024-09-02T11:44:49.219-05:00  INFO 19772 --- [finance-tracker] [main] com.zaxxer.hikari.pool.HikariPool        : HikariPool-1 - Added connection org.postgresql.jdbc.PgConnection@2555a986
2024-09-02T11:44:49.224-05:00  INFO 19772 --- [finance-tracker] [main] com.zaxxer.hikari.HikariDataSource       : HikariPool-1 - Start completed.
2024-09-02T11:44:49.306-05:00  WARN 19772 --- [finance-tracker] [main] org.hibernate.orm.deprecation            : HHH90000025: PostgreSQLDialect does not need to be specified explicitly using 'hibernate.dialect' (remove the property setting and it will be selected by default)
2024-09-02T11:44:51.658-05:00  INFO 19772 --- [finance-tracker] [main] o.h.e.t.j.p.i.JtaPlatformInitiator       : HHH000489: No JTA platform available (set 'hibernate.transaction.jta.platform' to enable JTA platform integration)
2024-09-02T11:44:51.811-05:00  INFO 19772 --- [finance-tracker] [main] j.LocalContainerEntityManagerFactoryBean : Initialized JPA EntityManagerFactory for persistence unit 'default'
2024-09-02T11:44:53.790-05:00  WARN 19772 --- [finance-tracker] [main] JpaBaseConfiguration$JpaWebConfiguration : spring.jpa.open-in-view is enabled by default. Therefore, database queries may be performed during view rendering. Explicitly configure spring.jpa.open-in-view to disable this warning
2024-09-02T11:44:53.851-05:00  WARN 19772 --- [finance-tracker] [main] .s.s.UserDetailsServiceAutoConfiguration : 

Using generated security password: 265f3ef3-0cf5-4489-8e55-fdd1660035ab

This generated password is for development use only. Your security configuration must be updated before running your application in production.

2024-09-02T11:44:53.873-05:00  INFO 19772 --- [finance-tracker] [main] r$InitializeUserDetailsManagerConfigurer : Global AuthenticationManager configured with UserDetailsService bean with name inMemoryUserDetailsManager
2024-09-02T11:44:55.553-05:00  INFO 19772 --- [finance-tracker] [main] o.s.b.a.e.web.EndpointLinksResolver      : Exposing 1 endpoint beneath base path '/actuator'
2024-09-02T11:44:57.968-05:00  INFO 19772 --- [finance-tracker] [main] c.f.t.FinanceTrackerApplicationTests     : Started FinanceTrackerApplicationTests in 18.603 seconds (process running for 21.452)
2024-09-02T11:44:59.744-05:00  INFO 19772 --- [finance-tracker] [SpringApplicationShutdownHook] j.LocalContainerEntityManagerFactoryBean : Closing JPA EntityManagerFactory for persistence unit 'default'
2024-09-02T11:44:59.747-05:00  INFO 19772 --- [finance-tracker] [SpringApplicationShutdownHook] com.zaxxer.hikari.HikariDataSource       : HikariPool-1 - Shutdown initiated...
2024-09-02T11:44:59.852-05:00  INFO 19772 --- [finance-tracker] [SpringApplicationShutdownHook] com.zaxxer.hikari.HikariDataSource       : HikariPool-1 - Shutdown completed.
2024-09-02T11:45:43.893-05:00  INFO 18192 --- [finance-tracker] [restartedMain] c.f.tracker.FinanceTrackerApplication    : Starting FinanceTrackerApplication using Java 21.0.3 with PID 18192 (C:\Projects\finance tracker\finance-tracker\target\classes started by juand in C:\Projects\finance tracker\finance-tracker)
2024-09-02T11:45:43.901-05:00  INFO 18192 --- [finance-tracker] [restartedMain] c.f.tracker.FinanceTrackerApplication    : The following 1 profile is active: "dev"
2024-09-02T11:45:44.031-05:00  INFO 18192 --- [finance-tracker] [restartedMain] .e.DevToolsPropertyDefaultsPostProcessor : Devtools property defaults active! Set 'spring.devtools.add-properties' to 'false' to disable
2024-09-02T11:45:44.032-05:00  INFO 18192 --- [finance-tracker] [restartedMain] .e.DevToolsPropertyDefaultsPostProcessor : For additional web related logging consider setting the 'logging.level.web' property to 'DEBUG'
2024-09-02T11:45:46.940-05:00  INFO 18192 --- [finance-tracker] [restartedMain] .s.d.r.c.RepositoryConfigurationDelegate : Bootstrapping Spring Data JPA repositories in DEFAULT mode.
2024-09-02T11:45:47.089-05:00  INFO 18192 --- [finance-tracker] [restartedMain] .s.d.r.c.RepositoryConfigurationDelegate : Finished Spring Data repository scanning in 132 ms. Found 4 JPA repository interfaces.
2024-09-02T11:45:50.264-05:00  INFO 18192 --- [finance-tracker] [restartedMain] o.s.b.w.embedded.tomcat.TomcatWebServer  : Tomcat initialized with port 8080 (http)
2024-09-02T11:45:50.312-05:00  INFO 18192 --- [finance-tracker] [restartedMain] o.apache.catalina.core.StandardService   : Starting service [Tomcat]
2024-09-02T11:45:50.317-05:00  INFO 18192 --- [finance-tracker] [restartedMain] o.apache.catalina.core.StandardEngine    : Starting Servlet engine: [Apache Tomcat/10.1.25]
2024-09-02T11:45:50.450-05:00  INFO 18192 --- [finance-tracker] [restartedMain] o.a.c.c.C.[Tomcat].[localhost].[/]       : Initializing Spring embedded WebApplicationContext
2024-09-02T11:45:50.451-05:00  INFO 18192 --- [finance-tracker] [restartedMain] w.s.c.ServletWebServerApplicationContext : Root WebApplicationContext: initialization completed in 6417 ms
2024-09-02T11:45:51.500-05:00  INFO 18192 --- [finance-tracker] [restartedMain] o.hibernate.jpa.internal.util.LogHelper  : HHH000204: Processing PersistenceUnitInfo [name: default]
2024-09-02T11:45:51.687-05:00  INFO 18192 --- [finance-tracker] [restartedMain] org.hibernate.Version                    : HHH000412: Hibernate ORM core version 6.5.2.Final
2024-09-02T11:45:51.801-05:00  INFO 18192 --- [finance-tracker] [restartedMain] o.h.c.internal.RegionFactoryInitiator    : HHH000026: Second-level cache disabled
2024-09-02T11:45:54.603-05:00  INFO 18192 --- [finance-tracker] [restartedMain] o.s.o.j.p.SpringPersistenceUnitInfo      : No LoadTimeWeaver setup: ignoring JPA class transformer
2024-09-02T11:45:54.649-05:00  INFO 18192 --- [finance-tracker] [restartedMain] com.zaxxer.hikari.HikariDataSource       : HikariPool-1 - Starting...
2024-09-02T11:45:54.970-05:00  INFO 18192 --- [finance-tracker] [restartedMain] com.zaxxer.hikari.pool.HikariPool        : HikariPool-1 - Added connection org.postgresql.jdbc.PgConnection@53e0896d
2024-09-02T11:45:54.972-05:00  INFO 18192 --- [finance-tracker] [restartedMain] com.zaxxer.hikari.HikariDataSource       : HikariPool-1 - Start completed.
2024-09-02T11:45:55.047-05:00  WARN 18192 --- [finance-tracker] [restartedMain] org.hibernate.orm.deprecation            : HHH90000025: PostgreSQLDialect does not need to be specified explicitly using 'hibernate.dialect' (remove the property setting and it will be selected by default)
2024-09-02T11:45:57.413-05:00  INFO 18192 --- [finance-tracker] [restartedMain] o.h.e.t.j.p.i.JtaPlatformInitiator       : HHH000489: No JTA platform available (set 'hibernate.transaction.jta.platform' to enable JTA platform integration)
2024-09-02T11:45:57.531-05:00  INFO 18192 --- [finance-tracker] [restartedMain] j.LocalContainerEntityManagerFactoryBean : Initialized JPA EntityManagerFactory for persistence unit 'default'
2024-09-02T11:46:00.654-05:00  WARN 18192 --- [finance-tracker] [restartedMain] JpaBaseConfiguration$JpaWebConfiguration : spring.jpa.open-in-view is enabled by default. Therefore, database queries may be performed during view rendering. Explicitly configure spring.jpa.open-in-view to disable this warning
2024-09-02T11:46:00.748-05:00  WARN 18192 --- [finance-tracker] [restartedMain] .s.s.UserDetailsServiceAutoConfiguration : 

Using generated security password: 7aefbaab-809e-4a90-81fc-93a493c35fed

This generated password is for development use only. Your security configuration must be updated before running your application in production.

2024-09-02T11:46:00.796-05:00  INFO 18192 --- [finance-tracker] [restartedMain] r$InitializeUserDetailsManagerConfigurer : Global AuthenticationManager configured with UserDetailsService bean with name inMemoryUserDetailsManager
2024-09-02T11:46:02.545-05:00  INFO 18192 --- [finance-tracker] [restartedMain] o.s.b.a.e.web.EndpointLinksResolver      : Exposing 1 endpoint beneath base path '/actuator'
2024-09-02T11:46:04.927-05:00  INFO 18192 --- [finance-tracker] [RMI TCP Connection(2)-127.0.0.1] o.a.c.c.C.[Tomcat].[localhost].[/]       : Initializing Spring DispatcherServlet 'dispatcherServlet'
2024-09-02T11:46:04.972-05:00  INFO 18192 --- [finance-tracker] [RMI TCP Connection(2)-127.0.0.1] o.s.web.servlet.DispatcherServlet        : Initializing Servlet 'dispatcherServlet'
2024-09-02T11:46:05.006-05:00  INFO 18192 --- [finance-tracker] [RMI TCP Connection(2)-127.0.0.1] o.s.web.servlet.DispatcherServlet        : Completed initialization in 18 ms
2024-09-02T11:46:05.406-05:00  INFO 18192 --- [finance-tracker] [restartedMain] o.s.b.d.a.OptionalLiveReloadServer       : LiveReload server is running on port 35729
2024-09-02T11:46:05.821-05:00  INFO 18192 --- [finance-tracker] [restartedMain] o.s.b.w.embedded.tomcat.TomcatWebServer  : Tomcat started on port 8080 (http) with context path '/'
2024-09-02T11:46:05.868-05:00  INFO 18192 --- [finance-tracker] [restartedMain] c.f.tracker.FinanceTrackerApplication    : Started FinanceTrackerApplication in 22.876 seconds (process running for 24.249)
2024-09-02T11:49:46.475-05:00  INFO 10236 --- [finance-tracker] [restartedMain] c.f.tracker.FinanceTrackerApplication    : Starting FinanceTrackerApplication using Java 21.0.3 with PID 10236 (C:\Projects\finance tracker\finance-tracker\target\classes started by juand in C:\Projects\finance tracker\finance-tracker)
2024-09-02T11:49:46.478-05:00  INFO 10236 --- [finance-tracker] [restartedMain] c.f.tracker.FinanceTrackerApplication    : The following 1 profile is active: "dev"
2024-09-02T11:49:46.580-05:00  INFO 10236 --- [finance-tracker] [restartedMain] .e.DevToolsPropertyDefaultsPostProcessor : Devtools property defaults active! Set 'spring.devtools.add-properties' to 'false' to disable
2024-09-02T11:49:46.581-05:00  INFO 10236 --- [finance-tracker] [restartedMain] .e.DevToolsPropertyDefaultsPostProcessor : For additional web related logging consider setting the 'logging.level.web' property to 'DEBUG'
2024-09-02T11:49:49.948-05:00  INFO 10236 --- [finance-tracker] [restartedMain] .s.d.r.c.RepositoryConfigurationDelegate : Bootstrapping Spring Data JPA repositories in DEFAULT mode.
2024-09-02T11:49:50.064-05:00  INFO 10236 --- [finance-tracker] [restartedMain] .s.d.r.c.RepositoryConfigurationDelegate : Finished Spring Data repository scanning in 100 ms. Found 4 JPA repository interfaces.
2024-09-02T11:49:54.136-05:00  INFO 10236 --- [finance-tracker] [restartedMain] o.s.b.w.embedded.tomcat.TomcatWebServer  : Tomcat initialized with port 8080 (http)
2024-09-02T11:49:54.193-05:00  INFO 10236 --- [finance-tracker] [restartedMain] o.apache.catalina.core.StandardService   : Starting service [Tomcat]
2024-09-02T11:49:54.197-05:00  INFO 10236 --- [finance-tracker] [restartedMain] o.apache.catalina.core.StandardEngine    : Starting Servlet engine: [Apache Tomcat/10.1.25]
2024-09-02T11:49:54.387-05:00  INFO 10236 --- [finance-tracker] [restartedMain] o.a.c.c.C.[Tomcat].[localhost].[/]       : Initializing Spring embedded WebApplicationContext
2024-09-02T11:49:54.388-05:00  INFO 10236 --- [finance-tracker] [restartedMain] w.s.c.ServletWebServerApplicationContext : Root WebApplicationContext: initialization completed in 7806 ms
2024-09-02T11:49:55.934-05:00  INFO 10236 --- [finance-tracker] [restartedMain] o.hibernate.jpa.internal.util.LogHelper  : HHH000204: Processing PersistenceUnitInfo [name: default]
2024-09-02T11:49:56.156-05:00  INFO 10236 --- [finance-tracker] [restartedMain] org.hibernate.Version                    : HHH000412: Hibernate ORM core version 6.5.2.Final
2024-09-02T11:49:56.255-05:00  INFO 10236 --- [finance-tracker] [restartedMain] o.h.c.internal.RegionFactoryInitiator    : HHH000026: Second-level cache disabled
2024-09-02T11:49:58.924-05:00  INFO 10236 --- [finance-tracker] [restartedMain] o.s.o.j.p.SpringPersistenceUnitInfo      : No LoadTimeWeaver setup: ignoring JPA class transformer
2024-09-02T11:49:59.003-05:00  INFO 10236 --- [finance-tracker] [restartedMain] com.zaxxer.hikari.HikariDataSource       : HikariPool-1 - Starting...
2024-09-02T11:49:59.384-05:00  INFO 10236 --- [finance-tracker] [restartedMain] com.zaxxer.hikari.pool.HikariPool        : HikariPool-1 - Added connection org.postgresql.jdbc.PgConnection@27ae238d
2024-09-02T11:49:59.388-05:00  INFO 10236 --- [finance-tracker] [restartedMain] com.zaxxer.hikari.HikariDataSource       : HikariPool-1 - Start completed.
2024-09-02T11:49:59.484-05:00  WARN 10236 --- [finance-tracker] [restartedMain] org.hibernate.orm.deprecation            : HHH90000025: PostgreSQLDialect does not need to be specified explicitly using 'hibernate.dialect' (remove the property setting and it will be selected by default)
2024-09-02T11:50:01.923-05:00  INFO 10236 --- [finance-tracker] [restartedMain] o.h.e.t.j.p.i.JtaPlatformInitiator       : HHH000489: No JTA platform available (set 'hibernate.transaction.jta.platform' to enable JTA platform integration)
2024-09-02T11:50:02.140-05:00  INFO 10236 --- [finance-tracker] [restartedMain] j.LocalContainerEntityManagerFactoryBean : Initialized JPA EntityManagerFactory for persistence unit 'default'
2024-09-02T11:50:04.955-05:00  WARN 10236 --- [finance-tracker] [restartedMain] JpaBaseConfiguration$JpaWebConfiguration : spring.jpa.open-in-view is enabled by default. Therefore, database queries may be performed during view rendering. Explicitly configure spring.jpa.open-in-view to disable this warning
2024-09-02T11:50:05.372-05:00  WARN 10236 --- [finance-tracker] [restartedMain] .s.s.UserDetailsServiceAutoConfiguration : 

Using generated security password: 06ae62e3-edb8-471d-b4f4-a3c2e037314b

This generated password is for development use only. Your security configuration must be updated before running your application in production.

2024-09-02T11:50:05.851-05:00  INFO 10236 --- [finance-tracker] [restartedMain] r$InitializeUserDetailsManagerConfigurer : Global AuthenticationManager configured with UserDetailsService bean with name inMemoryUserDetailsManager
2024-09-02T11:50:08.852-05:00  INFO 10236 --- [finance-tracker] [restartedMain] o.s.b.a.e.web.EndpointLinksResolver      : Exposing 1 endpoint beneath base path '/actuator'
2024-09-02T11:50:11.441-05:00  INFO 10236 --- [finance-tracker] [restartedMain] o.s.b.d.a.OptionalLiveReloadServer       : LiveReload server is running on port 35729
2024-09-02T11:50:11.451-05:00  INFO 10236 --- [finance-tracker] [RMI TCP Connection(2)-127.0.0.1] o.a.c.c.C.[Tomcat].[localhost].[/]       : Initializing Spring DispatcherServlet 'dispatcherServlet'
2024-09-02T11:50:11.454-05:00  INFO 10236 --- [finance-tracker] [RMI TCP Connection(2)-127.0.0.1] o.s.web.servlet.DispatcherServlet        : Initializing Servlet 'dispatcherServlet'
2024-09-02T11:50:11.457-05:00  INFO 10236 --- [finance-tracker] [RMI TCP Connection(2)-127.0.0.1] o.s.web.servlet.DispatcherServlet        : Completed initialization in 2 ms
2024-09-02T11:50:11.790-05:00  INFO 10236 --- [finance-tracker] [restartedMain] o.s.b.w.embedded.tomcat.TomcatWebServer  : Tomcat started on port 8080 (http) with context path '/'
2024-09-02T11:50:12.173-05:00  INFO 10236 --- [finance-tracker] [restartedMain] c.f.tracker.FinanceTrackerApplication    : Started FinanceTrackerApplication in 26.437 seconds (process running for 27.548)
2024-09-02T11:51:26.975-05:00  INFO 10236 --- [finance-tracker] [File Watcher] rtingClassPathChangeChangedEventListener : Restarting due to 41 class path changes (0 additions, 41 deletions, 0 modifications)
2024-09-02T11:51:27.044-05:00  INFO 10236 --- [finance-tracker] [Thread-5] j.LocalContainerEntityManagerFactoryBean : Closing JPA EntityManagerFactory for persistence unit 'default'
2024-09-02T11:51:27.060-05:00  INFO 10236 --- [finance-tracker] [Thread-5] com.zaxxer.hikari.HikariDataSource       : HikariPool-1 - Shutdown initiated...
2024-09-02T11:51:27.170-05:00  INFO 10236 --- [finance-tracker] [Thread-5] com.zaxxer.hikari.HikariDataSource       : HikariPool-1 - Shutdown completed.
2024-09-02T11:51:34.129-05:00  INFO 10236 --- [finance-tracker] [restartedMain] c.f.tracker.FinanceTrackerApplication    : Starting FinanceTrackerApplication using Java 21.0.3 with PID 10236 (C:\Projects\finance tracker\finance-tracker\target\classes started by juand in C:\Projects\finance tracker\finance-tracker)
2024-09-02T11:51:34.135-05:00  INFO 10236 --- [finance-tracker] [restartedMain] c.f.tracker.FinanceTrackerApplication    : The following 1 profile is active: "prod"
2024-09-02T11:51:34.935-05:00  INFO 10236 --- [finance-tracker] [restartedMain] .s.d.r.c.RepositoryConfigurationDelegate : Bootstrapping Spring Data JPA repositories in DEFAULT mode.
2024-09-02T11:51:34.978-05:00  INFO 10236 --- [finance-tracker] [restartedMain] .s.d.r.c.RepositoryConfigurationDelegate : Finished Spring Data repository scanning in 41 ms. Found 4 JPA repository interfaces.
2024-09-02T11:51:35.361-05:00  INFO 10236 --- [finance-tracker] [restartedMain] o.s.b.w.embedded.tomcat.TomcatWebServer  : Tomcat initialized with port 8080 (http)
2024-09-02T11:51:35.366-05:00  INFO 10236 --- [finance-tracker] [restartedMain] o.apache.catalina.core.StandardService   : Starting service [Tomcat]
2024-09-02T11:51:35.372-05:00  INFO 10236 --- [finance-tracker] [restartedMain] o.apache.catalina.core.StandardEngine    : Starting Servlet engine: [Apache Tomcat/10.1.25]
2024-09-02T11:51:35.421-05:00  INFO 10236 --- [finance-tracker] [restartedMain] o.a.c.c.C.[Tomcat-1].[localhost].[/]     : Initializing Spring embedded WebApplicationContext
2024-09-02T11:51:35.429-05:00  INFO 10236 --- [finance-tracker] [restartedMain] w.s.c.ServletWebServerApplicationContext : Root WebApplicationContext: initialization completed in 1282 ms
2024-09-02T11:51:35.845-05:00  INFO 10236 --- [finance-tracker] [restartedMain] o.hibernate.jpa.internal.util.LogHelper  : HHH000204: Processing PersistenceUnitInfo [name: default]
2024-09-02T11:51:35.854-05:00  INFO 10236 --- [finance-tracker] [restartedMain] o.h.c.internal.RegionFactoryInitiator    : HHH000026: Second-level cache disabled
2024-09-02T11:51:35.990-05:00  INFO 10236 --- [finance-tracker] [restartedMain] o.s.o.j.p.SpringPersistenceUnitInfo      : No LoadTimeWeaver setup: ignoring JPA class transformer
2024-09-02T11:51:35.992-05:00  INFO 10236 --- [finance-tracker] [restartedMain] com.zaxxer.hikari.HikariDataSource       : HikariPool-2 - Starting...
2024-09-02T11:51:36.068-05:00  INFO 10236 --- [finance-tracker] [restartedMain] com.zaxxer.hikari.pool.HikariPool        : HikariPool-2 - Added connection org.postgresql.jdbc.PgConnection@4e355ba0
2024-09-02T11:51:36.069-05:00  INFO 10236 --- [finance-tracker] [restartedMain] com.zaxxer.hikari.HikariDataSource       : HikariPool-2 - Start completed.
2024-09-02T11:51:36.080-05:00  WARN 10236 --- [finance-tracker] [restartedMain] org.hibernate.orm.deprecation            : HHH90000025: PostgreSQLDialect does not need to be specified explicitly using 'hibernate.dialect' (remove the property setting and it will be selected by default)
2024-09-02T11:51:36.356-05:00  INFO 10236 --- [finance-tracker] [restartedMain] o.h.e.t.j.p.i.JtaPlatformInitiator       : HHH000489: No JTA platform available (set 'hibernate.transaction.jta.platform' to enable JTA platform integration)
2024-09-02T11:51:36.437-05:00  INFO 10236 --- [finance-tracker] [restartedMain] j.LocalContainerEntityManagerFactoryBean : Initialized JPA EntityManagerFactory for persistence unit 'default'
2024-09-02T11:51:36.901-05:00  WARN 10236 --- [finance-tracker] [restartedMain] JpaBaseConfiguration$JpaWebConfiguration : spring.jpa.open-in-view is enabled by default. Therefore, database queries may be performed during view rendering. Explicitly configure spring.jpa.open-in-view to disable this warning
2024-09-02T11:51:36.946-05:00  WARN 10236 --- [finance-tracker] [restartedMain] .s.s.UserDetailsServiceAutoConfiguration : 

Using generated security password: 6eb47844-97b5-4b4f-abf6-8e2525d57838

This generated password is for development use only. Your security configuration must be updated before running your application in production.

2024-09-02T11:51:36.955-05:00  INFO 10236 --- [finance-tracker] [restartedMain] r$InitializeUserDetailsManagerConfigurer : Global AuthenticationManager configured with UserDetailsService bean with name inMemoryUserDetailsManager
2024-09-02T11:51:37.571-05:00  INFO 10236 --- [finance-tracker] [restartedMain] o.s.b.a.e.web.EndpointLinksResolver      : Exposing 1 endpoint beneath base path '/actuator'
2024-09-02T11:51:38.109-05:00  INFO 10236 --- [finance-tracker] [restartedMain] o.s.b.d.a.OptionalLiveReloadServer       : LiveReload server is running on port 35729
2024-09-02T11:51:38.191-05:00  INFO 10236 --- [finance-tracker] [restartedMain] o.s.b.w.embedded.tomcat.TomcatWebServer  : Tomcat started on port 8080 (http) with context path '/'
2024-09-02T11:51:38.283-05:00  INFO 10236 --- [finance-tracker] [restartedMain] c.f.tracker.FinanceTrackerApplication    : Started FinanceTrackerApplication in 4.222 seconds (process running for 113.658)
2024-09-02T11:51:38.292-05:00  INFO 10236 --- [finance-tracker] [restartedMain] .ConditionEvaluationDeltaLoggingListener : Condition evaluation unchanged
2024-09-02T11:51:43.368-05:00  INFO 18708 --- [finance-tracker] [restartedMain] c.f.tracker.FinanceTrackerApplication    : Starting FinanceTrackerApplication using Java 21.0.3 with PID 18708 (C:\Projects\finance tracker\finance-tracker\target\classes started by juand in C:\Projects\finance tracker\finance-tracker)
2024-09-02T11:51:43.371-05:00  INFO 18708 --- [finance-tracker] [restartedMain] c.f.tracker.FinanceTrackerApplication    : The following 1 profile is active: "prod"
2024-09-02T11:51:43.483-05:00  INFO 18708 --- [finance-tracker] [restartedMain] .e.DevToolsPropertyDefaultsPostProcessor : Devtools property defaults active! Set 'spring.devtools.add-properties' to 'false' to disable
2024-09-02T11:51:43.484-05:00  INFO 18708 --- [finance-tracker] [restartedMain] .e.DevToolsPropertyDefaultsPostProcessor : For additional web related logging consider setting the 'logging.level.web' property to 'DEBUG'
2024-09-02T11:51:46.049-05:00  INFO 18708 --- [finance-tracker] [restartedMain] .s.d.r.c.RepositoryConfigurationDelegate : Bootstrapping Spring Data JPA repositories in DEFAULT mode.
2024-09-02T11:51:46.212-05:00  INFO 18708 --- [finance-tracker] [restartedMain] .s.d.r.c.RepositoryConfigurationDelegate : Finished Spring Data repository scanning in 142 ms. Found 4 JPA repository interfaces.
2024-09-02T11:51:48.507-05:00  INFO 18708 --- [finance-tracker] [restartedMain] o.s.b.w.embedded.tomcat.TomcatWebServer  : Tomcat initialized with port 8080 (http)
2024-09-02T11:51:48.536-05:00  INFO 18708 --- [finance-tracker] [restartedMain] o.apache.catalina.core.StandardService   : Starting service [Tomcat]
2024-09-02T11:51:48.538-05:00  INFO 18708 --- [finance-tracker] [restartedMain] o.apache.catalina.core.StandardEngine    : Starting Servlet engine: [Apache Tomcat/10.1.25]
2024-09-02T11:51:48.640-05:00  INFO 18708 --- [finance-tracker] [restartedMain] o.a.c.c.C.[Tomcat].[localhost].[/]       : Initializing Spring embedded WebApplicationContext
2024-09-02T11:51:48.641-05:00  INFO 18708 --- [finance-tracker] [restartedMain] w.s.c.ServletWebServerApplicationContext : Root WebApplicationContext: initialization completed in 5156 ms
2024-09-02T11:51:49.321-05:00  INFO 18708 --- [finance-tracker] [restartedMain] o.hibernate.jpa.internal.util.LogHelper  : HHH000204: Processing PersistenceUnitInfo [name: default]
2024-09-02T11:51:49.452-05:00  INFO 18708 --- [finance-tracker] [restartedMain] org.hibernate.Version                    : HHH000412: Hibernate ORM core version 6.5.2.Final
2024-09-02T11:51:49.543-05:00  INFO 18708 --- [finance-tracker] [restartedMain] o.h.c.internal.RegionFactoryInitiator    : HHH000026: Second-level cache disabled
2024-09-02T11:51:51.184-05:00  INFO 18708 --- [finance-tracker] [restartedMain] o.s.o.j.p.SpringPersistenceUnitInfo      : No LoadTimeWeaver setup: ignoring JPA class transformer
2024-09-02T11:51:51.224-05:00  INFO 18708 --- [finance-tracker] [restartedMain] com.zaxxer.hikari.HikariDataSource       : HikariPool-1 - Starting...
2024-09-02T11:51:51.557-05:00  INFO 18708 --- [finance-tracker] [restartedMain] com.zaxxer.hikari.pool.HikariPool        : HikariPool-1 - Added connection org.postgresql.jdbc.PgConnection@48826cff
2024-09-02T11:51:51.561-05:00  INFO 18708 --- [finance-tracker] [restartedMain] com.zaxxer.hikari.HikariDataSource       : HikariPool-1 - Start completed.
2024-09-02T11:51:51.637-05:00  WARN 18708 --- [finance-tracker] [restartedMain] org.hibernate.orm.deprecation            : HHH90000025: PostgreSQLDialect does not need to be specified explicitly using 'hibernate.dialect' (remove the property setting and it will be selected by default)
2024-09-02T11:51:53.867-05:00  INFO 18708 --- [finance-tracker] [restartedMain] o.h.e.t.j.p.i.JtaPlatformInitiator       : HHH000489: No JTA platform available (set 'hibernate.transaction.jta.platform' to enable JTA platform integration)
2024-09-02T11:51:54.031-05:00  INFO 18708 --- [finance-tracker] [restartedMain] j.LocalContainerEntityManagerFactoryBean : Initialized JPA EntityManagerFactory for persistence unit 'default'
2024-09-02T11:51:55.357-05:00  WARN 18708 --- [finance-tracker] [restartedMain] JpaBaseConfiguration$JpaWebConfiguration : spring.jpa.open-in-view is enabled by default. Therefore, database queries may be performed during view rendering. Explicitly configure spring.jpa.open-in-view to disable this warning
2024-09-02T11:51:55.459-05:00  WARN 18708 --- [finance-tracker] [restartedMain] .s.s.UserDetailsServiceAutoConfiguration : 

Using generated security password: faabd760-47e4-45ca-bcff-70da20508b98

This generated password is for development use only. Your security configuration must be updated before running your application in production.

2024-09-02T11:51:55.506-05:00  INFO 18708 --- [finance-tracker] [restartedMain] r$InitializeUserDetailsManagerConfigurer : Global AuthenticationManager configured with UserDetailsService bean with name inMemoryUserDetailsManager
2024-09-02T11:51:56.686-05:00  INFO 18708 --- [finance-tracker] [restartedMain] o.s.b.a.e.web.EndpointLinksResolver      : Exposing 1 endpoint beneath base path '/actuator'
2024-09-02T11:51:58.179-05:00  INFO 18708 --- [finance-tracker] [restartedMain] o.s.b.d.a.OptionalLiveReloadServer       : LiveReload server is running on port 35729
2024-09-02T11:51:58.359-05:00  INFO 18708 --- [finance-tracker] [restartedMain] o.s.b.w.embedded.tomcat.TomcatWebServer  : Tomcat started on port 8080 (http) with context path '/'
2024-09-02T11:51:58.401-05:00  INFO 18708 --- [finance-tracker] [restartedMain] c.f.tracker.FinanceTrackerApplication    : Started FinanceTrackerApplication in 15.649 seconds (process running for 17.014)
2024-09-02T11:52:00.729-05:00  INFO 18708 --- [finance-tracker] [RMI TCP Connection(2)-127.0.0.1] o.a.c.c.C.[Tomcat].[localhost].[/]       : Initializing Spring DispatcherServlet 'dispatcherServlet'
2024-09-02T11:52:00.731-05:00  INFO 18708 --- [finance-tracker] [RMI TCP Connection(2)-127.0.0.1] o.s.web.servlet.DispatcherServlet        : Initializing Servlet 'dispatcherServlet'
2024-09-02T11:52:00.733-05:00  INFO 18708 --- [finance-tracker] [RMI TCP Connection(2)-127.0.0.1] o.s.web.servlet.DispatcherServlet        : Completed initialization in 1 ms
